# JRE version: Java(TM) SE Runtime Environment (8.0_202-b08) (build 1.8.0_202-b08)
# Java VM: Java HotSpot(TM) 64-Bit Server VM (25.202-b08 mixed mode windows-amd64 compressed oops)
Heap:
 PSYoungGen      total 123904K, used 106547K [0x00000000d5580000, 0x00000000e3c80000, 0x0000000100000000)
  eden space 114688K, 84% used [0x00000000d5580000,0x00000000db48f678,0x00000000dc580000)
  from space 9216K, 99% used [0x00000000dc580000,0x00000000dce7d728,0x00000000dce80000)
  to   space 12800K, 0% used [0x00000000e3000000,0x00000000e3000000,0x00000000e3c80000)
 ParOldGen       total 78336K, used 8549K [0x0000000080000000, 0x0000000084c80000, 0x00000000d5580000)
  object space 78336K, 10% used [0x0000000080000000,0x0000000080859680,0x0000000084c80000)
 Metaspace       used 32856K, capacity 34960K, committed 35072K, reserved 1079296K
  class space    used 4920K, capacity 5365K, committed 5376K, reserved 1048576K
GC Heap History (10 events):
Event: 6.377 GC heap before
{Heap before GC invocations=2 (full 0):
 PSYoungGen      total 66560K, used 63143K [0x00000000d5580000, 0x00000000dd780000, 0x0000000100000000)
  eden space 57344K, 100% used [0x00000000d5580000,0x00000000d8d80000,0x00000000d8d80000)
  from space 9216K, 62% used [0x00000000d8d80000,0x00000000d9329f20,0x00000000d9680000)
  to   space 9216K, 0% used [0x00000000dce80000,0x00000000dce80000,0x00000000dd780000)
 ParOldGen       total 151552K, used 16K [0x0000000080000000, 0x0000000089400000, 0x00000000d5580000)
  object space 151552K, 0% used [0x0000000080000000,0x0000000080004000,0x0000000089400000)
 Metaspace       used 8089K, capacity 8362K, committed 8576K, reserved 1056768K
  class space    used 1051K, capacity 1133K, committed 1152K, reserved 1048576K
Event: 6.381 GC heap after
Heap after GC invocations=2 (full 0):
 PSYoungGen      total 123904K, used 5132K [0x00000000d5580000, 0x00000000dd780000, 0x0000000100000000)
  eden space 114688K, 0% used [0x00000000d5580000,0x00000000d5580000,0x00000000dc580000)
  from space 9216K, 55% used [0x00000000dce80000,0x00000000dd3831e8,0x00000000dd780000)
  to   space 9216K, 0% used [0x00000000dc580000,0x00000000dc580000,0x00000000dce80000)
 ParOldGen       total 151552K, used 24K [0x0000000080000000, 0x0000000089400000, 0x00000000d5580000)
  object space 151552K, 0% used [0x0000000080000000,0x0000000080006000,0x0000000089400000)
 Metaspace       used 8089K, capacity 8362K, committed 8576K, reserved 1056768K
  class space    used 1051K, capacity 1133K, committed 1152K, reserved 1048576K
}
Event: 11.498 GC heap before
{Heap before GC invocations=3 (full 0):
 PSYoungGen      total 123904K, used 119820K [0x00000000d5580000, 0x00000000dd780000, 0x0000000100000000)
  eden space 114688K, 100% used [0x00000000d5580000,0x00000000dc580000,0x00000000dc580000)
  from space 9216K, 55% used [0x00000000dce80000,0x00000000dd3831e8,0x00000000dd780000)
  to   space 9216K, 0% used [0x00000000dc580000,0x00000000dc580000,0x00000000dce80000)
 ParOldGen       total 151552K, used 24K [0x0000000080000000, 0x0000000089400000, 0x00000000d5580000)
  object space 151552K, 0% used [0x0000000080000000,0x0000000080006000,0x0000000089400000)
 Metaspace       used 19457K, capacity 20450K, committed 20736K, reserved 1067008K
  class space    used 2742K, capacity 3007K, committed 3072K, reserved 1048576K
Event: 11.506 GC heap after
Heap after GC invocations=3 (full 0):
 PSYoungGen      total 123904K, used 9213K [0x00000000d5580000, 0x00000000dd780000, 0x0000000100000000)
  eden space 114688K, 0% used [0x00000000d5580000,0x00000000d5580000,0x00000000dc580000)
  from space 9216K, 99% used [0x00000000dc580000,0x00000000dce7f5f0,0x00000000dce80000)
  to   space 9216K, 0% used [0x00000000dce80000,0x00000000dce80000,0x00000000dd780000)
 ParOldGen       total 151552K, used 4795K [0x0000000080000000, 0x0000000089400000, 0x00000000d5580000)
  object space 151552K, 3% used [0x0000000080000000,0x00000000804aeda8,0x0000000089400000)
 Metaspace       used 19457K, capacity 20450K, committed 20736K, reserved 1067008K
  class space    used 2742K, capacity 3007K, committed 3072K, reserved 1048576K
}
Event: 11.615 GC heap before
{Heap before GC invocations=4 (full 0):
 PSYoungGen      total 123904K, used 33326K [0x00000000d5580000, 0x00000000dd780000, 0x0000000100000000)
  eden space 114688K, 21% used [0x00000000d5580000,0x00000000d6d0c3b0,0x00000000dc580000)
  from space 9216K, 99% used [0x00000000dc580000,0x00000000dce7f5f0,0x00000000dce80000)
  to   space 9216K, 0% used [0x00000000dce80000,0x00000000dce80000,0x00000000dd780000)
 ParOldGen       total 151552K, used 4795K [0x0000000080000000, 0x0000000089400000, 0x00000000d5580000)
  object space 151552K, 3% used [0x0000000080000000,0x00000000804aeda8,0x0000000089400000)
 Metaspace       used 20254K, capacity 21160K, committed 21296K, reserved 1067008K
  class space    used 2880K, capacity 3110K, committed 3200K, reserved 1048576K
Event: 11.620 GC heap after
Heap after GC invocations=4 (full 0):
 PSYoungGen      total 123904K, used 8153K [0x00000000d5580000, 0x00000000dd780000, 0x0000000100000000)
  eden space 114688K, 0% used [0x00000000d5580000,0x00000000d5580000,0x00000000dc580000)
  from space 9216K, 88% used [0x00000000dce80000,0x00000000dd6767b0,0x00000000dd780000)
  to   space 9216K, 0% used [0x00000000dc580000,0x00000000dc580000,0x00000000dce80000)
 ParOldGen       total 151552K, used 4803K [0x0000000080000000, 0x0000000089400000, 0x00000000d5580000)
  object space 151552K, 3% used [0x0000000080000000,0x00000000804b0da8,0x0000000089400000)
 Metaspace       used 20254K, capacity 21160K, committed 21296K, reserved 1067008K
  class space    used 2880K, capacity 3110K, committed 3200K, reserved 1048576K
}
Event: 11.620 GC heap before
{Heap before GC invocations=5 (full 1):
 PSYoungGen      total 123904K, used 8153K [0x00000000d5580000, 0x00000000dd780000, 0x0000000100000000)
  eden space 114688K, 0% used [0x00000000d5580000,0x00000000d5580000,0x00000000dc580000)
  from space 9216K, 88% used [0x00000000dce80000,0x00000000dd6767b0,0x00000000dd780000)
  to   space 9216K, 0% used [0x00000000dc580000,0x00000000dc580000,0x00000000dce80000)
 ParOldGen       total 151552K, used 4803K [0x0000000080000000, 0x0000000089400000, 0x00000000d5580000)
  object space 151552K, 3% used [0x0000000080000000,0x00000000804b0da8,0x0000000089400000)
 Metaspace       used 20254K, capacity 21160K, committed 21296K, reserved 1067008K
  class space    used 2880K, capacity 3110K, committed 3200K, reserved 1048576K
Event: 11.648 GC heap after
Heap after GC invocations=5 (full 1):
 PSYoungGen      total 123904K, used 0K [0x00000000d5580000, 0x00000000dd780000, 0x0000000100000000)
  eden space 114688K, 0% used [0x00000000d5580000,0x00000000d5580000,0x00000000dc580000)
  from space 9216K, 0% used [0x00000000dce80000,0x00000000dce80000,0x00000000dd780000)
  to   space 9216K, 0% used [0x00000000dc580000,0x00000000dc580000,0x00000000dce80000)
 ParOldGen       total 78336K, used 8330K [0x0000000080000000, 0x0000000084c80000, 0x00000000d5580000)
  object space 78336K, 10% used [0x0000000080000000,0x0000000080822890,0x0000000084c80000)
 Metaspace       used 20254K, capacity 21160K, committed 21296K, reserved 1067008K
  class space    used 2880K, capacity 3110K, committed 3200K, reserved 1048576K
}
Event: 12.418 GC heap before
{Heap before GC invocations=6 (full 1):
 PSYoungGen      total 123904K, used 114688K [0x00000000d5580000, 0x00000000dd780000, 0x0000000100000000)
  eden space 114688K, 100% used [0x00000000d5580000,0x00000000dc580000,0x00000000dc580000)
  from space 9216K, 0% used [0x00000000dce80000,0x00000000dce80000,0x00000000dd780000)
  to   space 9216K, 0% used [0x00000000dc580000,0x00000000dc580000,0x00000000dce80000)
 ParOldGen       total 78336K, used 8330K [0x0000000080000000, 0x0000000084c80000, 0x00000000d5580000)
  object space 78336K, 10% used [0x0000000080000000,0x0000000080822890,0x0000000084c80000)
 Metaspace       used 26399K, capacity 28004K, committed 28160K, reserved 1073152K
  class space    used 3924K, capacity 4266K, committed 4352K, reserved 1048576K
Event: 12.423 GC heap after
Heap after GC invocations=6 (full 1):
 PSYoungGen      total 123904K, used 9205K [0x00000000d5580000, 0x00000000e3c80000, 0x0000000100000000)
  eden space 114688K, 0% used [0x00000000d5580000,0x00000000d5580000,0x00000000dc580000)
  from space 9216K, 99% used [0x00000000dc580000,0x00000000dce7d728,0x00000000dce80000)
  to   space 12800K, 0% used [0x00000000e3000000,0x00000000e3000000,0x00000000e3c80000)
 ParOldGen       total 78336K, used 8549K [0x0000000080000000, 0x0000000084c80000, 0x00000000d5580000)
  object space 78336K, 10% used [0x0000000080000000,0x0000000080859680,0x0000000084c80000)
 Metaspace       used 26399K, capacity 28004K, committed 28160K, reserved 1073152K
  class space    used 3924K, capacity 4266K, committed 4352K, reserved 1048576K
}

