# JRE version: Java(TM) SE Runtime Environment (8.0_202-b08) (build 1.8.0_202-b08)
# Java VM: Java HotSpot(TM) 64-Bit Server VM (25.202-b08 mixed mode windows-amd64 compressed oops)
Heap:
 PSYoungGen      total 66560K, used 34410K [0x00000000d5580000, 0x00000000d9f80000, 0x0000000100000000)
  eden space 57344K, 43% used [0x00000000d5580000,0x00000000d6e1f068,0x00000000d8d80000)
  from space 9216K, 99% used [0x00000000d8d80000,0x00000000d967b798,0x00000000d9680000)
  to   space 9216K, 0% used [0x00000000d9680000,0x00000000d9680000,0x00000000d9f80000)
 ParOldGen       total 151552K, used 676K [0x0000000080000000, 0x0000000089400000, 0x00000000d5580000)
  object space 151552K, 0% used [0x0000000080000000,0x00000000800a90a0,0x0000000089400000)
 Metaspace       used 17564K, capacity 18414K, committed 18560K, reserved 1064960K
  class space    used 2420K, capacity 2637K, committed 2688K, reserved 1048576K
GC Heap History (6 events):
Event: 0.897 GC heap before
{Heap before GC invocations=1 (full 0):
 PSYoungGen      total 66560K, used 57344K [0x00000000d5580000, 0x00000000d9f80000, 0x0000000100000000)
  eden space 57344K, 100% used [0x00000000d5580000,0x00000000d8d80000,0x00000000d8d80000)
  from space 9216K, 0% used [0x00000000d9680000,0x00000000d9680000,0x00000000d9f80000)
  to   space 9216K, 0% used [0x00000000d8d80000,0x00000000d8d80000,0x00000000d9680000)
 ParOldGen       total 151552K, used 0K [0x0000000080000000, 0x0000000089400000, 0x00000000d5580000)
  object space 151552K, 0% used [0x0000000080000000,0x0000000080000000,0x0000000089400000)
 Metaspace       used 7563K, capacity 7806K, committed 8064K, reserved 1056768K
  class space    used 955K, capacity 1057K, committed 1152K, reserved 1048576K
Event: 0.902 GC heap after
Heap after GC invocations=1 (full 0):
 PSYoungGen      total 66560K, used 5840K [0x00000000d5580000, 0x00000000d9f80000, 0x0000000100000000)
  eden space 57344K, 0% used [0x00000000d5580000,0x00000000d5580000,0x00000000d8d80000)
  from space 9216K, 63% used [0x00000000d8d80000,0x00000000d9334320,0x00000000d9680000)
  to   space 9216K, 0% used [0x00000000d9680000,0x00000000d9680000,0x00000000d9f80000)
 ParOldGen       total 151552K, used 16K [0x0000000080000000, 0x0000000089400000, 0x00000000d5580000)
  object space 151552K, 0% used [0x0000000080000000,0x0000000080004000,0x0000000089400000)
 Metaspace       used 7563K, capacity 7806K, committed 8064K, reserved 1056768K
  class space    used 955K, capacity 1057K, committed 1152K, reserved 1048576K
}
Event: 1.154 GC heap before
{Heap before GC invocations=2 (full 0):
 PSYoungGen      total 66560K, used 63184K [0x00000000d5580000, 0x00000000d9f80000, 0x0000000100000000)
  eden space 57344K, 100% used [0x00000000d5580000,0x00000000d8d80000,0x00000000d8d80000)
  from space 9216K, 63% used [0x00000000d8d80000,0x00000000d9334320,0x00000000d9680000)
  to   space 9216K, 0% used [0x00000000d9680000,0x00000000d9680000,0x00000000d9f80000)
 ParOldGen       total 151552K, used 16K [0x0000000080000000, 0x0000000089400000, 0x00000000d5580000)
  object space 151552K, 0% used [0x0000000080000000,0x0000000080004000,0x0000000089400000)
 Metaspace       used 8126K, capacity 8394K, committed 8704K, reserved 1056768K
  class space    used 1056K, capacity 1165K, committed 1280K, reserved 1048576K
Event: 1.157 GC heap after
Heap after GC invocations=2 (full 0):
 PSYoungGen      total 66560K, used 5186K [0x00000000d5580000, 0x00000000d9f80000, 0x0000000100000000)
  eden space 57344K, 0% used [0x00000000d5580000,0x00000000d5580000,0x00000000d8d80000)
  from space 9216K, 56% used [0x00000000d9680000,0x00000000d9b90900,0x00000000d9f80000)
  to   space 9216K, 0% used [0x00000000d8d80000,0x00000000d8d80000,0x00000000d9680000)
 ParOldGen       total 151552K, used 24K [0x0000000080000000, 0x0000000089400000, 0x00000000d5580000)
  object space 151552K, 0% used [0x0000000080000000,0x0000000080006000,0x0000000089400000)
 Metaspace       used 8126K, capacity 8394K, committed 8704K, reserved 1056768K
  class space    used 1056K, capacity 1165K, committed 1280K, reserved 1048576K
}
Event: 2.006 GC heap before
{Heap before GC invocations=3 (full 0):
 PSYoungGen      total 66560K, used 62530K [0x00000000d5580000, 0x00000000d9f80000, 0x0000000100000000)
  eden space 57344K, 100% used [0x00000000d5580000,0x00000000d8d80000,0x00000000d8d80000)
  from space 9216K, 56% used [0x00000000d9680000,0x00000000d9b90900,0x00000000d9f80000)
  to   space 9216K, 0% used [0x00000000d8d80000,0x00000000d8d80000,0x00000000d9680000)
 ParOldGen       total 151552K, used 24K [0x0000000080000000, 0x0000000089400000, 0x00000000d5580000)
  object space 151552K, 0% used [0x0000000080000000,0x0000000080006000,0x0000000089400000)
 Metaspace       used 16034K, capacity 16694K, committed 17024K, reserved 1064960K
  class space    used 2182K, capacity 2337K, committed 2432K, reserved 1048576K
Event: 2.012 GC heap after
Heap after GC invocations=3 (full 0):
 PSYoungGen      total 66560K, used 9197K [0x00000000d5580000, 0x00000000d9f80000, 0x0000000100000000)
  eden space 57344K, 0% used [0x00000000d5580000,0x00000000d5580000,0x00000000d8d80000)
  from space 9216K, 99% used [0x00000000d8d80000,0x00000000d967b798,0x00000000d9680000)
  to   space 9216K, 0% used [0x00000000d9680000,0x00000000d9680000,0x00000000d9f80000)
 ParOldGen       total 151552K, used 676K [0x0000000080000000, 0x0000000089400000, 0x00000000d5580000)
  object space 151552K, 0% used [0x0000000080000000,0x00000000800a90a0,0x0000000089400000)
 Metaspace       used 16034K, capacity 16694K, committed 17024K, reserved 1064960K
  class space    used 2182K, capacity 2337K, committed 2432K, reserved 1048576K
}

