# JRE version: Java(TM) SE Runtime Environment (8.0_202-b08) (build 1.8.0_202-b08)
# Java VM: Java HotSpot(TM) 64-Bit Server VM (25.202-b08 mixed mode windows-amd64 compressed oops)
Heap:
 PSYoungGen      total 101888K, used 29177K [0x00000000d5580000, 0x00000000de800000, 0x0000000100000000)
  eden space 91136K, 32% used [0x00000000d5580000,0x00000000d71fe5f8,0x00000000dae80000)
  from space 10752K, 0% used [0x00000000dae80000,0x00000000dae80000,0x00000000db900000)
  to   space 10752K, 0% used [0x00000000ddd80000,0x00000000ddd80000,0x00000000de800000)
 ParOldGen       total 83456K, used 16296K [0x0000000080000000, 0x0000000085180000, 0x00000000d5580000)
  object space 83456K, 19% used [0x0000000080000000,0x0000000080fea338,0x0000000085180000)
 Metaspace       used 36975K, capacity 39102K, committed 39424K, reserved 1083392K
  class space    used 5337K, capacity 5792K, committed 5888K, reserved 1048576K
GC Heap History (10 events):
Event: 2.681 GC heap before
{Heap before GC invocations=7 (full 1):
 PSYoungGen      total 66560K, used 57344K [0x00000000d5580000, 0x00000000d9f80000, 0x0000000100000000)
  eden space 57344K, 100% used [0x00000000d5580000,0x00000000d8d80000,0x00000000d8d80000)
  from space 9216K, 0% used [0x00000000d8d80000,0x00000000d8d80000,0x00000000d9680000)
  to   space 9216K, 0% used [0x00000000d9680000,0x00000000d9680000,0x00000000d9f80000)
 ParOldGen       total 83456K, used 7664K [0x0000000080000000, 0x0000000085180000, 0x00000000d5580000)
  object space 83456K, 9% used [0x0000000080000000,0x000000008077c0c8,0x0000000085180000)
 Metaspace       used 23066K, capacity 24140K, committed 24448K, reserved 1071104K
  class space    used 3361K, capacity 3628K, committed 3712K, reserved 1048576K
Event: 2.683 GC heap after
Heap after GC invocations=7 (full 1):
 PSYoungGen      total 64000K, used 5084K [0x00000000d5580000, 0x00000000dca80000, 0x0000000100000000)
  eden space 54784K, 0% used [0x00000000d5580000,0x00000000d5580000,0x00000000d8b00000)
  from space 9216K, 55% used [0x00000000d9680000,0x00000000d9b773e8,0x00000000d9f80000)
  to   space 11776K, 0% used [0x00000000d8b00000,0x00000000d8b00000,0x00000000d9680000)
 ParOldGen       total 83456K, used 7672K [0x0000000080000000, 0x0000000085180000, 0x00000000d5580000)
  object space 83456K, 9% used [0x0000000080000000,0x000000008077e0c8,0x0000000085180000)
 Metaspace       used 23066K, capacity 24140K, committed 24448K, reserved 1071104K
  class space    used 3361K, capacity 3628K, committed 3712K, reserved 1048576K
}
Event: 3.023 GC heap before
{Heap before GC invocations=8 (full 1):
 PSYoungGen      total 64000K, used 59868K [0x00000000d5580000, 0x00000000dca80000, 0x0000000100000000)
  eden space 54784K, 100% used [0x00000000d5580000,0x00000000d8b00000,0x00000000d8b00000)
  from space 9216K, 55% used [0x00000000d9680000,0x00000000d9b773e8,0x00000000d9f80000)
  to   space 11776K, 0% used [0x00000000d8b00000,0x00000000d8b00000,0x00000000d9680000)
 ParOldGen       total 83456K, used 7672K [0x0000000080000000, 0x0000000085180000, 0x00000000d5580000)
  object space 83456K, 9% used [0x0000000080000000,0x000000008077e0c8,0x0000000085180000)
 Metaspace       used 26683K, capacity 28280K, committed 28416K, reserved 1073152K
  class space    used 3948K, capacity 4296K, committed 4352K, reserved 1048576K
Event: 3.026 GC heap after
Heap after GC invocations=8 (full 1):
 PSYoungGen      total 66560K, used 6504K [0x00000000d5580000, 0x00000000dc400000, 0x0000000100000000)
  eden space 54784K, 0% used [0x00000000d5580000,0x00000000d5580000,0x00000000d8b00000)
  from space 11776K, 55% used [0x00000000d8b00000,0x00000000d915a350,0x00000000d9680000)
  to   space 11264K, 0% used [0x00000000db900000,0x00000000db900000,0x00000000dc400000)
 ParOldGen       total 83456K, used 7680K [0x0000000080000000, 0x0000000085180000, 0x00000000d5580000)
  object space 83456K, 9% used [0x0000000080000000,0x00000000807800c8,0x0000000085180000)
 Metaspace       used 26683K, capacity 28280K, committed 28416K, reserved 1073152K
  class space    used 3948K, capacity 4296K, committed 4352K, reserved 1048576K
}
Event: 3.266 GC heap before
{Heap before GC invocations=9 (full 1):
 PSYoungGen      total 66560K, used 61288K [0x00000000d5580000, 0x00000000dc400000, 0x0000000100000000)
  eden space 54784K, 100% used [0x00000000d5580000,0x00000000d8b00000,0x00000000d8b00000)
  from space 11776K, 55% used [0x00000000d8b00000,0x00000000d915a350,0x00000000d9680000)
  to   space 11264K, 0% used [0x00000000db900000,0x00000000db900000,0x00000000dc400000)
 ParOldGen       total 83456K, used 7680K [0x0000000080000000, 0x0000000085180000, 0x00000000d5580000)
  object space 83456K, 9% used [0x0000000080000000,0x00000000807800c8,0x0000000085180000)
 Metaspace       used 29195K, capacity 31098K, committed 31232K, reserved 1075200K
  class space    used 4381K, capacity 4769K, committed 4864K, reserved 1048576K
Event: 3.271 GC heap after
Heap after GC invocations=9 (full 1):
 PSYoungGen      total 102400K, used 7242K [0x00000000d5580000, 0x00000000dc400000, 0x0000000100000000)
  eden space 91136K, 0% used [0x00000000d5580000,0x00000000d5580000,0x00000000dae80000)
  from space 11264K, 64% used [0x00000000db900000,0x00000000dc012a00,0x00000000dc400000)
  to   space 10752K, 0% used [0x00000000dae80000,0x00000000dae80000,0x00000000db900000)
 ParOldGen       total 83456K, used 7688K [0x0000000080000000, 0x0000000085180000, 0x00000000d5580000)
  object space 83456K, 9% used [0x0000000080000000,0x00000000807820c8,0x0000000085180000)
 Metaspace       used 29195K, capacity 31098K, committed 31232K, reserved 1075200K
  class space    used 4381K, capacity 4769K, committed 4864K, reserved 1048576K
}
Event: 3.579 GC heap before
{Heap before GC invocations=10 (full 1):
 PSYoungGen      total 102400K, used 47644K [0x00000000d5580000, 0x00000000dc400000, 0x0000000100000000)
  eden space 91136K, 44% used [0x00000000d5580000,0x00000000d7cf4610,0x00000000dae80000)
  from space 11264K, 64% used [0x00000000db900000,0x00000000dc012a00,0x00000000dc400000)
  to   space 10752K, 0% used [0x00000000dae80000,0x00000000dae80000,0x00000000db900000)
 ParOldGen       total 83456K, used 7688K [0x0000000080000000, 0x0000000085180000, 0x00000000d5580000)
  object space 83456K, 9% used [0x0000000080000000,0x00000000807820c8,0x0000000085180000)
 Metaspace       used 33166K, capacity 35296K, committed 35456K, reserved 1079296K
  class space    used 4949K, capacity 5395K, committed 5504K, reserved 1048576K
Event: 3.584 GC heap after
Heap after GC invocations=10 (full 1):
 PSYoungGen      total 101888K, used 8105K [0x00000000d5580000, 0x00000000de800000, 0x0000000100000000)
  eden space 91136K, 0% used [0x00000000d5580000,0x00000000d5580000,0x00000000dae80000)
  from space 10752K, 75% used [0x00000000dae80000,0x00000000db66a498,0x00000000db900000)
  to   space 10752K, 0% used [0x00000000ddd80000,0x00000000ddd80000,0x00000000de800000)
 ParOldGen       total 83456K, used 9411K [0x0000000080000000, 0x0000000085180000, 0x00000000d5580000)
  object space 83456K, 11% used [0x0000000080000000,0x0000000080930f78,0x0000000085180000)
 Metaspace       used 33166K, capacity 35296K, committed 35456K, reserved 1079296K
  class space    used 4949K, capacity 5395K, committed 5504K, reserved 1048576K
}
Event: 3.584 GC heap before
{Heap before GC invocations=11 (full 2):
 PSYoungGen      total 101888K, used 8105K [0x00000000d5580000, 0x00000000de800000, 0x0000000100000000)
  eden space 91136K, 0% used [0x00000000d5580000,0x00000000d5580000,0x00000000dae80000)
  from space 10752K, 75% used [0x00000000dae80000,0x00000000db66a498,0x00000000db900000)
  to   space 10752K, 0% used [0x00000000ddd80000,0x00000000ddd80000,0x00000000de800000)
 ParOldGen       total 83456K, used 9411K [0x0000000080000000, 0x0000000085180000, 0x00000000d5580000)
  object space 83456K, 11% used [0x0000000080000000,0x0000000080930f78,0x0000000085180000)
 Metaspace       used 33166K, capacity 35296K, committed 35456K, reserved 1079296K
  class space    used 4949K, capacity 5395K, committed 5504K, reserved 1048576K
Event: 3.630 GC heap after
Heap after GC invocations=11 (full 2):
 PSYoungGen      total 101888K, used 0K [0x00000000d5580000, 0x00000000de800000, 0x0000000100000000)
  eden space 91136K, 0% used [0x00000000d5580000,0x00000000d5580000,0x00000000dae80000)
  from space 10752K, 0% used [0x00000000dae80000,0x00000000dae80000,0x00000000db900000)
  to   space 10752K, 0% used [0x00000000ddd80000,0x00000000ddd80000,0x00000000de800000)
 ParOldGen       total 83456K, used 16296K [0x0000000080000000, 0x0000000085180000, 0x00000000d5580000)
  object space 83456K, 19% used [0x0000000080000000,0x0000000080fea338,0x0000000085180000)
 Metaspace       used 33149K, capacity 35242K, committed 35456K, reserved 1079296K
  class space    used 4944K, capacity 5386K, committed 5504K, reserved 1048576K
}

